[debug] [2020-06-01T09:13:42.952Z] ----------------------------------------------------------------------
[debug] [2020-06-01T09:13:42.954Z] Command:       /Users/flightcentre/.nvm/versions/node/v10.15.3/bin/node /Users/flightcentre/.config/yarn/global/node_modules/.bin/firebase deploy
[debug] [2020-06-01T09:13:42.955Z] CLI Version:   8.3.0
[debug] [2020-06-01T09:13:42.955Z] Platform:      darwin
[debug] [2020-06-01T09:13:42.955Z] Node Version:  v10.15.3
[debug] [2020-06-01T09:13:42.956Z] Time:          Mon Jun 01 2020 19:13:42 GMT+1000 (Australian Eastern Standard Time)
[debug] [2020-06-01T09:13:42.956Z] ----------------------------------------------------------------------
[debug] [2020-06-01T09:13:42.956Z] 
[debug] [2020-06-01T09:13:42.968Z] > command requires scopes: ["email","openid","https://www.googleapis.com/auth/cloudplatformprojects.readonly","https://www.googleapis.com/auth/firebase","https://www.googleapis.com/auth/cloud-platform"]
[debug] [2020-06-01T09:13:42.968Z] > authorizing via signed-in user
[debug] [2020-06-01T09:13:42.969Z] [iam] checking project one-another-dev for permissions ["cloudfunctions.functions.create","cloudfunctions.functions.delete","cloudfunctions.functions.get","cloudfunctions.functions.list","cloudfunctions.functions.update","cloudfunctions.operations.get","firebase.projects.get","firebasedatabase.instances.update","firebasehosting.sites.update","firebaserules.releases.create","firebaserules.releases.update","firebaserules.rulesets.create"]
[debug] [2020-06-01T09:13:42.972Z] >>> HTTP REQUEST POST https://cloudresourcemanager.googleapis.com/v1/projects/one-another-dev:testIamPermissions  
 {"permissions":["cloudfunctions.functions.create","cloudfunctions.functions.delete","cloudfunctions.functions.get","cloudfunctions.functions.list","cloudfunctions.functions.update","cloudfunctions.operations.get","firebase.projects.get","firebasedatabase.instances.update","firebasehosting.sites.update","firebaserules.releases.create","firebaserules.releases.update","firebaserules.rulesets.create"]}
[debug] [2020-06-01T09:13:44.617Z] <<< HTTP RESPONSE 200 {"content-type":"application/json; charset=UTF-8","vary":"X-Origin, Referer, Origin,Accept-Encoding","date":"Mon, 01 Jun 2020 09:13:44 GMT","server":"ESF","cache-control":"private","x-xss-protection":"0","x-frame-options":"SAMEORIGIN","x-content-type-options":"nosniff","server-timing":"gfet4t7; dur=1011","alt-svc":"h3-27=\":443\"; ma=2592000,h3-25=\":443\"; ma=2592000,h3-T050=\":443\"; ma=2592000,h3-Q050=\":443\"; ma=2592000,h3-Q049=\":443\"; ma=2592000,h3-Q048=\":443\"; ma=2592000,h3-Q046=\":443\"; ma=2592000,h3-Q043=\":443\"; ma=2592000,quic=\":443\"; ma=2592000; v=\"46,43\"","accept-ranges":"none","transfer-encoding":"chunked"}
[debug] [2020-06-01T09:13:44.619Z] >>> HTTP REQUEST POST https://iam.googleapis.com/v1/projects/one-another-dev/serviceAccounts/one-another-dev@appspot.gserviceaccount.com:testIamPermissions  
 {"permissions":["iam.serviceAccounts.actAs"]}
[debug] [2020-06-01T09:13:46.202Z] <<< HTTP RESPONSE 200 {"content-type":"application/json; charset=UTF-8","vary":"X-Origin, Referer, Origin,Accept-Encoding","date":"Mon, 01 Jun 2020 09:13:45 GMT","server":"ESF","cache-control":"private","x-xss-protection":"0","x-frame-options":"SAMEORIGIN","x-content-type-options":"nosniff","alt-svc":"h3-27=\":443\"; ma=2592000,h3-25=\":443\"; ma=2592000,h3-T050=\":443\"; ma=2592000,h3-Q050=\":443\"; ma=2592000,h3-Q049=\":443\"; ma=2592000,h3-Q048=\":443\"; ma=2592000,h3-Q046=\":443\"; ma=2592000,h3-Q043=\":443\"; ma=2592000,quic=\":443\"; ma=2592000; v=\"46,43\"","accept-ranges":"none","transfer-encoding":"chunked"}
[debug] [2020-06-01T09:13:46.203Z] >>> HTTP REQUEST GET https://firebase.googleapis.com/v1beta1/projects/one-another-dev  
 
[debug] [2020-06-01T09:13:46.971Z] <<< HTTP RESPONSE 200 {"content-type":"application/json; charset=UTF-8","vary":"X-Origin, Referer, Origin,Accept-Encoding","date":"Mon, 01 Jun 2020 09:13:46 GMT","server":"ESF","cache-control":"private","x-xss-protection":"0","x-frame-options":"SAMEORIGIN","x-content-type-options":"nosniff","alt-svc":"h3-27=\":443\"; ma=2592000,h3-25=\":443\"; ma=2592000,h3-T050=\":443\"; ma=2592000,h3-Q050=\":443\"; ma=2592000,h3-Q049=\":443\"; ma=2592000,h3-Q048=\":443\"; ma=2592000,h3-Q046=\":443\"; ma=2592000,h3-Q043=\":443\"; ma=2592000,quic=\":443\"; ma=2592000; v=\"46,43\"","accept-ranges":"none","transfer-encoding":"chunked"}
[warn] ⚠  functions: package.json indicates an outdated version of firebase-functions.
Please upgrade using npm install --save firebase-functions@latest in your functions directory. 
[info] 
[info] === Deploying to 'one-another-dev'...
[info] 
[info] i  deploying database, storage, functions, hosting 
[info] i  database: checking rules syntax... 
[debug] [2020-06-01T09:13:48.917Z] >>> HTTP REQUEST PUT https://one-another-dev.firebaseio.com/.settings/rules.json?dryRun=true  
 {
  /* Visit https://firebase.google.com/docs/database/security to learn more about security rules. */
  "rules": {
    ".read": false,
    ".write": false
  }
}
[debug] [2020-06-01T09:13:50.043Z] <<< HTTP RESPONSE 200 {"server":"nginx","date":"Mon, 01 Jun 2020 09:13:49 GMT","content-type":"application/json; charset=utf-8","content-length":"15","connection":"keep-alive","access-control-allow-origin":"*","cache-control":"no-cache","strict-transport-security":"max-age=31556926; includeSubDomains; preload"}
[info] ✔  database: rules syntax for database one-another-dev is valid 
[debug] [2020-06-01T09:13:50.045Z] >>> HTTP REQUEST GET https://appengine.googleapis.com/v1/apps/one-another-dev  
 
[debug] [2020-06-01T09:13:52.194Z] <<< HTTP RESPONSE 200 {"content-type":"application/json; charset=UTF-8","vary":"X-Origin, Referer, Origin,Accept-Encoding","date":"Mon, 01 Jun 2020 09:13:52 GMT","server":"ESF","cache-control":"private","x-xss-protection":"0","x-frame-options":"SAMEORIGIN","x-content-type-options":"nosniff","alt-svc":"h3-27=\":443\"; ma=2592000,h3-25=\":443\"; ma=2592000,h3-T050=\":443\"; ma=2592000,h3-Q050=\":443\"; ma=2592000,h3-Q049=\":443\"; ma=2592000,h3-Q048=\":443\"; ma=2592000,h3-Q046=\":443\"; ma=2592000,h3-Q043=\":443\"; ma=2592000,quic=\":443\"; ma=2592000; v=\"46,43\"","accept-ranges":"none","transfer-encoding":"chunked"}
[info] i  firebase.storage: checking storage.rules for compilation errors... 
[debug] [2020-06-01T09:13:52.197Z] >>> HTTP REQUEST POST https://firebaserules.googleapis.com/v1/projects/one-another-dev:test  
 {"source":{"files":[{"name":"storage.rules","content":"service firebase.storage {\n  match /b/{bucket}/o {\n    match /{allPaths=**} {\n      allow read, write: if request.auth!=null;\n    }\n  }\n}\n"}]}}
